

Version:	3.14
CmdLine:	C:\Users\Windows\Downloads\새 폴더\DollarCode_Converter_v_1_0_0.exe --l4j-debug
WOW64:		yes
Working dir:	C:\Users\Windows\Downloads\새 폴더\.
Java min ver:	1.008.000
Java max ver:	
Bundled JRE(s):	jre1.8.0_301
Check launcher:	C:\Users\Windows\Downloads\새 폴더\jre1.8.0_301\bin\javaw.exe (OK)
Launcher:	C:\Users\Windows\Downloads\새 폴더\jre1.8.0_301\bin\javaw.exe
Launcher args:	-jar "C:\Users\Windows\Downloads\새 폴더\DollarCode_Converter_v_1_0_0.exe"
Args length:	74/32768 chars
Exit code:	0


Version:	3.14
CmdLine:	C:\Users\Windows\Desktop\MYDOC\Java\DollarCode\변환작업\DollarCode_Converter_v_1_0_0.exe --l4j-debug
WOW64:		yes
Working dir:	C:\Users\Windows\Desktop\MYDOC\Java\DollarCode\변환작업\.
Java min ver:	1.008.000
Java max ver:	
Bundled JRE(s):	jre1.8.0_301
Check launcher:	C:\Users\Windows\Desktop\MYDOC\Java\DollarCode\변환작업\jre1.8.0_301\bin\javaw.exe (OK)
Launcher:	C:\Users\Windows\Desktop\MYDOC\Java\DollarCode\변환작업\jre1.8.0_301\bin\javaw.exe
Launcher args:	-jar "C:\Users\Windows\Desktop\MYDOC\Java\DollarCode\변환작업\DollarCode_Converter_v_1_0_0.exe"
Args length:	95/32768 chars
Exit code:	0


Version:	3.14
CmdLine:	C:\Users\Windows\Desktop\MYDOC\Java\DollarCode\변환작업\DollarCode_Converter_v_1_0_0.exe --l4j-debug
WOW64:		yes
Working dir:	C:\Users\Windows\Desktop\MYDOC\Java\DollarCode\변환작업\.
Java min ver:	1.008.000
Java max ver:	
Bundled JRE(s):	jre1.8.0_301
Check launcher:	C:\Users\Windows\Desktop\MYDOC\Java\DollarCode\변환작업\jre1.8.0_301\bin\javaw.exe (OK)
Launcher:	C:\Users\Windows\Desktop\MYDOC\Java\DollarCode\변환작업\jre1.8.0_301\bin\javaw.exe
Launcher args:	-jar "C:\Users\Windows\Desktop\MYDOC\Java\DollarCode\변환작업\DollarCode_Converter_v_1_0_0.exe"
Args length:	95/32768 chars
Exit code:	0


Version:	3.14
CmdLine:	C:\Users\Windows\Desktop\MYDOC\Java\DollarCode\변환작업\DollarCode_Converter_v_1_0_0.exe --l4j-debug
WOW64:		yes
Working dir:	C:\Users\Windows\Desktop\MYDOC\Java\DollarCode\변환작업\.
Java min ver:	1.008.000
Java max ver:	
Bundled JRE(s):	jre1.8.0_301
Check launcher:	C:\Users\Windows\Desktop\MYDOC\Java\DollarCode\변환작업\jre1.8.0_301\bin\javaw.exe (OK)
Launcher:	C:\Users\Windows\Desktop\MYDOC\Java\DollarCode\변환작업\jre1.8.0_301\bin\javaw.exe
Launcher args:	-jar "C:\Users\Windows\Desktop\MYDOC\Java\DollarCode\변환작업\DollarCode_Converter_v_1_0_0.exe"
Args length:	95/32768 chars
Exit code:	0
